[stream]:2021/08/29 19:14:21 hstream.go:24: [INFO] 

		                            _ooOoo_
		                           o8888888o
		                           88  .  88
		                           (| @_@ |)
		                           0\  =  /0
		                        ____/'---'\____
		                      .'  \\|     |//  '.
		                     /  \\|||  :  |||//  \
		                    /  _||||| -:- |||||_  \
		                    |   | \\\  -  /// |   |
		                    | \_|  ''\---/''  |   |
		                     \ .-\__  '-'  ___/-./
		                  ___'. .'  /--.--\  '. .'___
		               ."" '<  '.___\_<|>_/___.'  >'"".
		              | | :  '- \'.;'\ _ /';.'/ -'  : | |
		              \  \ '-.   \_ __\ /__ _/   .-' /  /
		         ======'-.____'-.___\_____/___.-'____.-'======
		                            '=---='
		        ^^^^^^^^^^^^^^^^^^^^^^^^^^^^^^^^^^^^^^^^^^^^^^^^^
		       ^^^^^^Buddha Bless hjx's programs never bugs !^^^^^
		      ^^^^^^^^^^^^^^^^^^^^^^^^^^^^^^^^^^^^^^^^^^^^^^^^^^^^^
		     ^^^^^^^^^^^^^^^^^^^^^^^^^^^^^^^^^^^^^^^^^^^^^^^^^^^^^^^
	
[stream]:2021/08/29 19:14:21 hstream.go:27: [INFO] turn on system signal monitoring
[stream]:2021/08/29 19:14:21 hstream.go:45: [INFO] turn off system pprof monitoring
[stream]:2021/08/29 19:14:21 http.go:49: [INFO] now checking url http://v3plusinfo247hls-i.akamaihd.net/hls/live/218877/v3plusinfo247hls/index.m3u8
[stream]:2021/08/29 19:14:22 http.go:69: [INFO] http://v3plusinfo247hls-i.akamaihd.net/hls/live/218877/v3plusinfo247hls/index.m3u8 is parent m3u8
[stream]:2021/08/29 19:14:22 http.go:49: [INFO] now checking url http://v3plusinfo247hls-i.akamaihd.net/hls/live/218877-b/v3plusinfo247hls/v3plusinfo247hls_1_6.m3u8
[stream]:2021/08/29 19:14:22 http.go:49: [INFO] now checking url http://v3plusinfo247hls-i.akamaihd.net/hls/live/218877/v3plusinfo247hls/v3plusinfo247hls_1_6.m3u8
[stream]:2021/08/29 19:14:22 http.go:49: [INFO] now checking url http://v3plusinfo247hls-i.akamaihd.net/hls/live/218877/v3plusinfo247hls/v3plusinfo247hls_1_1.m3u8
[stream]:2021/08/29 19:14:22 http.go:49: [INFO] now checking url http://v3plusinfo247hls-i.akamaihd.net/hls/live/218877/v3plusinfo247hls/v3plusinfo247hls_1_4.m3u8
[stream]:2021/08/29 19:14:22 http.go:49: [INFO] now checking url http://v3plusinfo247hls-i.akamaihd.net/hls/live/218877-b/v3plusinfo247hls/v3plusinfo247hls_1_1.m3u8
[stream]:2021/08/29 19:14:22 http.go:49: [INFO] now checking url http://v3plusinfo247hls-i.akamaihd.net/hls/live/218877-b/v3plusinfo247hls/v3plusinfo247hls_1_5.m3u8
[stream]:2021/08/29 19:14:22 http.go:49: [INFO] now checking url http://v3plusinfo247hls-i.akamaihd.net/hls/live/218877-b/v3plusinfo247hls/v3plusinfo247hls_1_4.m3u8
[stream]:2021/08/29 19:14:22 http.go:49: [INFO] now checking url http://v3plusinfo247hls-i.akamaihd.net/hls/live/218877/v3plusinfo247hls/v3plusinfo247hls_1_5.m3u8
[stream]:2021/08/29 19:14:22 http.go:49: [INFO] now checking url http://v3plusinfo247hls-i.akamaihd.net/hls/live/218877-b/v3plusinfo247hls/v3plusinfo247hls_1_3.m3u8
[stream]:2021/08/29 19:14:22 http.go:49: [INFO] now checking url http://v3plusinfo247hls-i.akamaihd.net/hls/live/218877/v3plusinfo247hls/v3plusinfo247hls_1_2.m3u8
[stream]:2021/08/29 19:14:22 http.go:49: [INFO] now checking url http://v3plusinfo247hls-i.akamaihd.net/hls/live/218877/v3plusinfo247hls/v3plusinfo247hls_1_3.m3u8
[stream]:2021/08/29 19:14:22 http.go:49: [INFO] now checking url http://v3plusinfo247hls-i.akamaihd.net/hls/live/218877-b/v3plusinfo247hls/v3plusinfo247hls_1_2.m3u8
[stream]:2021/08/29 19:14:23 http.go:73: [INFO] http://v3plusinfo247hls-i.akamaihd.net/hls/live/218877-b/v3plusinfo247hls/v3plusinfo247hls_1_1.m3u8 is live m3u8
[stream]:2021/08/29 19:14:23 http.go:49: [INFO] now checking url http://v3plusinfo247hls-i.akamaihd.net/hls/live/218877-b/v3plusinfo247hls/v3plusinfo247hls_1_1/Seg_1056/segment_1056428.ts
[stream]:2021/08/29 19:14:23 http.go:73: [INFO] http://v3plusinfo247hls-i.akamaihd.net/hls/live/218877/v3plusinfo247hls/v3plusinfo247hls_1_3.m3u8 is live m3u8
[stream]:2021/08/29 19:14:23 http.go:49: [INFO] now checking url http://v3plusinfo247hls-i.akamaihd.net/hls/live/218877/v3plusinfo247hls/v3plusinfo247hls_1_3/Seg_051121_073604492_1584/segment_051121_073604492_1584569.ts
[stream]:2021/08/29 19:14:23 http.go:73: [INFO] http://v3plusinfo247hls-i.akamaihd.net/hls/live/218877-b/v3plusinfo247hls/v3plusinfo247hls_1_6.m3u8 is live m3u8
[stream]:2021/08/29 19:14:23 http.go:49: [INFO] now checking url http://v3plusinfo247hls-i.akamaihd.net/hls/live/218877-b/v3plusinfo247hls/v3plusinfo247hls_1_6/Seg_1056/segment_1056428.ts
[stream]:2021/08/29 19:14:23 http.go:73: [INFO] http://v3plusinfo247hls-i.akamaihd.net/hls/live/218877/v3plusinfo247hls/v3plusinfo247hls_1_2.m3u8 is live m3u8
[stream]:2021/08/29 19:14:23 http.go:49: [INFO] now checking url http://v3plusinfo247hls-i.akamaihd.net/hls/live/218877/v3plusinfo247hls/v3plusinfo247hls_1_2/Seg_051121_073604492_1584/segment_051121_073604492_1584569.ts
[stream]:2021/08/29 19:14:23 http.go:73: [INFO] http://v3plusinfo247hls-i.akamaihd.net/hls/live/218877/v3plusinfo247hls/v3plusinfo247hls_1_5.m3u8 is live m3u8
[stream]:2021/08/29 19:14:23 http.go:49: [INFO] now checking url http://v3plusinfo247hls-i.akamaihd.net/hls/live/218877/v3plusinfo247hls/v3plusinfo247hls_1_5/Seg_051121_073604492_1584/segment_051121_073604492_1584569.ts
[stream]:2021/08/29 19:14:23 http.go:73: [INFO] http://v3plusinfo247hls-i.akamaihd.net/hls/live/218877-b/v3plusinfo247hls/v3plusinfo247hls_1_3.m3u8 is live m3u8
[stream]:2021/08/29 19:14:23 http.go:49: [INFO] now checking url http://v3plusinfo247hls-i.akamaihd.net/hls/live/218877-b/v3plusinfo247hls/v3plusinfo247hls_1_3/Seg_1056/segment_1056428.ts
[stream]:2021/08/29 19:14:23 http.go:73: [INFO] http://v3plusinfo247hls-i.akamaihd.net/hls/live/218877/v3plusinfo247hls/v3plusinfo247hls_1_1.m3u8 is live m3u8
[stream]:2021/08/29 19:14:23 http.go:49: [INFO] now checking url http://v3plusinfo247hls-i.akamaihd.net/hls/live/218877/v3plusinfo247hls/v3plusinfo247hls_1_1/Seg_051121_073604492_1584/segment_051121_073604492_1584569.ts
[stream]:2021/08/29 19:14:23 http.go:73: [INFO] http://v3plusinfo247hls-i.akamaihd.net/hls/live/218877/v3plusinfo247hls/v3plusinfo247hls_1_6.m3u8 is live m3u8
[stream]:2021/08/29 19:14:23 http.go:49: [INFO] now checking url http://v3plusinfo247hls-i.akamaihd.net/hls/live/218877/v3plusinfo247hls/v3plusinfo247hls_1_6/Seg_051121_073604492_1584/segment_051121_073604492_1584569.ts
[stream]:2021/08/29 19:14:23 http.go:73: [INFO] http://v3plusinfo247hls-i.akamaihd.net/hls/live/218877/v3plusinfo247hls/v3plusinfo247hls_1_4.m3u8 is live m3u8
[stream]:2021/08/29 19:14:23 http.go:49: [INFO] now checking url http://v3plusinfo247hls-i.akamaihd.net/hls/live/218877/v3plusinfo247hls/v3plusinfo247hls_1_4/Seg_051121_073604492_1584/segment_051121_073604492_1584569.ts
[stream]:2021/08/29 19:14:23 http.go:73: [INFO] http://v3plusinfo247hls-i.akamaihd.net/hls/live/218877-b/v3plusinfo247hls/v3plusinfo247hls_1_5.m3u8 is live m3u8
[stream]:2021/08/29 19:14:23 http.go:49: [INFO] now checking url http://v3plusinfo247hls-i.akamaihd.net/hls/live/218877-b/v3plusinfo247hls/v3plusinfo247hls_1_5/Seg_1056/segment_1056428.ts
[stream]:2021/08/29 19:14:23 http.go:73: [INFO] http://v3plusinfo247hls-i.akamaihd.net/hls/live/218877-b/v3plusinfo247hls/v3plusinfo247hls_1_4.m3u8 is live m3u8
[stream]:2021/08/29 19:14:23 http.go:49: [INFO] now checking url http://v3plusinfo247hls-i.akamaihd.net/hls/live/218877-b/v3plusinfo247hls/v3plusinfo247hls_1_4/Seg_1056/segment_1056428.ts
[stream]:2021/08/29 19:14:23 http.go:73: [INFO] http://v3plusinfo247hls-i.akamaihd.net/hls/live/218877-b/v3plusinfo247hls/v3plusinfo247hls_1_2.m3u8 is live m3u8
[stream]:2021/08/29 19:14:23 http.go:49: [INFO] now checking url http://v3plusinfo247hls-i.akamaihd.net/hls/live/218877-b/v3plusinfo247hls/v3plusinfo247hls_1_2/Seg_1056/segment_1056428.ts
[stream]:2021/08/29 19:14:30 http.go:49: [INFO] now checking url http://v3plusinfo247hls-i.akamaihd.net/hls/live/218877/v3plusinfo247hls/v3plusinfo247hls_1_1/Seg_051121_073604492_1584/segment_051121_073604492_1584570.ts
[stream]:2021/08/29 19:14:30 http.go:49: [INFO] now checking url http://v3plusinfo247hls-i.akamaihd.net/hls/live/218877/v3plusinfo247hls/v3plusinfo247hls_1_5/Seg_051121_073604492_1584/segment_051121_073604492_1584570.ts
[stream]:2021/08/29 19:14:30 http.go:49: [INFO] now checking url http://v3plusinfo247hls-i.akamaihd.net/hls/live/218877/v3plusinfo247hls/v3plusinfo247hls_1_2/Seg_051121_073604492_1584/segment_051121_073604492_1584570.ts
[stream]:2021/08/29 19:14:30 http.go:49: [INFO] now checking url http://v3plusinfo247hls-i.akamaihd.net/hls/live/218877/v3plusinfo247hls/v3plusinfo247hls_1_3/Seg_051121_073604492_1584/segment_051121_073604492_1584570.ts
[stream]:2021/08/29 19:14:30 http.go:49: [INFO] now checking url http://v3plusinfo247hls-i.akamaihd.net/hls/live/218877/v3plusinfo247hls/v3plusinfo247hls_1_4/Seg_051121_073604492_1584/segment_051121_073604492_1584570.ts
[stream]:2021/08/29 19:14:30 http.go:49: [INFO] now checking url http://v3plusinfo247hls-i.akamaihd.net/hls/live/218877/v3plusinfo247hls/v3plusinfo247hls_1_6/Seg_051121_073604492_1584/segment_051121_073604492_1584570.ts
[stream]:2021/08/29 19:14:32 http.go:49: [INFO] now checking url http://v3plusinfo247hls-i.akamaihd.net/hls/live/218877-b/v3plusinfo247hls/v3plusinfo247hls_1_1/Seg_1056/segment_1056429.ts
[stream]:2021/08/29 19:14:33 http.go:49: [INFO] now checking url http://v3plusinfo247hls-i.akamaihd.net/hls/live/218877-b/v3plusinfo247hls/v3plusinfo247hls_1_6/Seg_1056/segment_1056429.ts
[stream]:2021/08/29 19:14:33 http.go:49: [INFO] now checking url http://v3plusinfo247hls-i.akamaihd.net/hls/live/218877-b/v3plusinfo247hls/v3plusinfo247hls_1_4/Seg_1056/segment_1056429.ts
[stream]:2021/08/29 19:14:33 http.go:49: [INFO] now checking url http://v3plusinfo247hls-i.akamaihd.net/hls/live/218877-b/v3plusinfo247hls/v3plusinfo247hls_1_2/Seg_1056/segment_1056429.ts
[stream]:2021/08/29 19:14:33 http.go:49: [INFO] now checking url http://v3plusinfo247hls-i.akamaihd.net/hls/live/218877-b/v3plusinfo247hls/v3plusinfo247hls_1_3/Seg_1056/segment_1056429.ts
[stream]:2021/08/29 19:14:33 http.go:49: [INFO] now checking url http://v3plusinfo247hls-i.akamaihd.net/hls/live/218877-b/v3plusinfo247hls/v3plusinfo247hls_1_5/Seg_1056/segment_1056429.ts
[stream]:2021/08/29 19:14:36 http.go:49: [INFO] now checking url http://v3plusinfo247hls-i.akamaihd.net/hls/live/218877/v3plusinfo247hls/v3plusinfo247hls_1_1/Seg_051121_073604492_1584/segment_051121_073604492_1584571.ts
[stream]:2021/08/29 19:14:37 http.go:49: [INFO] now checking url http://v3plusinfo247hls-i.akamaihd.net/hls/live/218877/v3plusinfo247hls/v3plusinfo247hls_1_5/Seg_051121_073604492_1584/segment_051121_073604492_1584571.ts
[stream]:2021/08/29 19:14:37 http.go:49: [INFO] now checking url http://v3plusinfo247hls-i.akamaihd.net/hls/live/218877/v3plusinfo247hls/v3plusinfo247hls_1_3/Seg_051121_073604492_1584/segment_051121_073604492_1584571.ts
[stream]:2021/08/29 19:14:37 http.go:49: [INFO] now checking url http://v3plusinfo247hls-i.akamaihd.net/hls/live/218877/v3plusinfo247hls/v3plusinfo247hls_1_2/Seg_051121_073604492_1584/segment_051121_073604492_1584571.ts
[stream]:2021/08/29 19:14:37 http.go:49: [INFO] now checking url http://v3plusinfo247hls-i.akamaihd.net/hls/live/218877/v3plusinfo247hls/v3plusinfo247hls_1_4/Seg_051121_073604492_1584/segment_051121_073604492_1584571.ts
[stream]:2021/08/29 19:14:37 http.go:49: [INFO] now checking url http://v3plusinfo247hls-i.akamaihd.net/hls/live/218877/v3plusinfo247hls/v3plusinfo247hls_1_6/Seg_051121_073604492_1584/segment_051121_073604492_1584571.ts
[stream]:2021/08/29 19:14:41 http.go:49: [INFO] now checking url http://v3plusinfo247hls-i.akamaihd.net/hls/live/218877-b/v3plusinfo247hls/v3plusinfo247hls_1_1/Seg_1056/segment_1056430.ts
[stream]:2021/08/29 19:14:43 http.go:49: [INFO] now checking url http://v3plusinfo247hls-i.akamaihd.net/hls/live/218877-b/v3plusinfo247hls/v3plusinfo247hls_1_6/Seg_1056/segment_1056430.ts
[stream]:2021/08/29 19:14:43 http.go:49: [INFO] now checking url http://v3plusinfo247hls-i.akamaihd.net/hls/live/218877-b/v3plusinfo247hls/v3plusinfo247hls_1_4/Seg_1056/segment_1056430.ts
[stream]:2021/08/29 19:14:43 http.go:49: [INFO] now checking url http://v3plusinfo247hls-i.akamaihd.net/hls/live/218877-b/v3plusinfo247hls/v3plusinfo247hls_1_2/Seg_1056/segment_1056430.ts
[stream]:2021/08/29 19:14:43 http.go:49: [INFO] now checking url http://v3plusinfo247hls-i.akamaihd.net/hls/live/218877-b/v3plusinfo247hls/v3plusinfo247hls_1_3/Seg_1056/segment_1056430.ts
[stream]:2021/08/29 19:14:43 http.go:49: [INFO] now checking url http://v3plusinfo247hls-i.akamaihd.net/hls/live/218877-b/v3plusinfo247hls/v3plusinfo247hls_1_5/Seg_1056/segment_1056430.ts
[stream]:2021/08/29 19:14:43 http.go:49: [INFO] now checking url http://v3plusinfo247hls-i.akamaihd.net/hls/live/218877/v3plusinfo247hls/v3plusinfo247hls_1_5/Seg_051121_073604492_1584/segment_051121_073604492_1584572.ts
[stream]:2021/08/29 19:14:44 http.go:49: [INFO] now checking url http://v3plusinfo247hls-i.akamaihd.net/hls/live/218877/v3plusinfo247hls/v3plusinfo247hls_1_1/Seg_051121_073604492_1584/segment_051121_073604492_1584572.ts
[stream]:2021/08/29 19:14:44 http.go:49: [INFO] now checking url http://v3plusinfo247hls-i.akamaihd.net/hls/live/218877/v3plusinfo247hls/v3plusinfo247hls_1_3/Seg_051121_073604492_1584/segment_051121_073604492_1584572.ts
[stream]:2021/08/29 19:14:44 http.go:49: [INFO] now checking url http://v3plusinfo247hls-i.akamaihd.net/hls/live/218877/v3plusinfo247hls/v3plusinfo247hls_1_2/Seg_051121_073604492_1584/segment_051121_073604492_1584572.ts
[stream]:2021/08/29 19:14:44 http.go:49: [INFO] now checking url http://v3plusinfo247hls-i.akamaihd.net/hls/live/218877/v3plusinfo247hls/v3plusinfo247hls_1_6/Seg_051121_073604492_1584/segment_051121_073604492_1584572.ts
[stream]:2021/08/29 19:14:44 http.go:49: [INFO] now checking url http://v3plusinfo247hls-i.akamaihd.net/hls/live/218877/v3plusinfo247hls/v3plusinfo247hls_1_4/Seg_051121_073604492_1584/segment_051121_073604492_1584572.ts
[stream]:2021/08/29 19:14:50 http.go:49: [INFO] now checking url http://v3plusinfo247hls-i.akamaihd.net/hls/live/218877/v3plusinfo247hls/v3plusinfo247hls_1_1/Seg_051121_073604492_1584/segment_051121_073604492_1584573.ts
[stream]:2021/08/29 19:14:50 http.go:49: [INFO] now checking url http://v3plusinfo247hls-i.akamaihd.net/hls/live/218877/v3plusinfo247hls/v3plusinfo247hls_1_5/Seg_051121_073604492_1584/segment_051121_073604492_1584573.ts
[stream]:2021/08/29 19:14:51 http.go:49: [INFO] now checking url http://v3plusinfo247hls-i.akamaihd.net/hls/live/218877/v3plusinfo247hls/v3plusinfo247hls_1_2/Seg_051121_073604492_1584/segment_051121_073604492_1584573.ts
[stream]:2021/08/29 19:14:51 http.go:49: [INFO] now checking url http://v3plusinfo247hls-i.akamaihd.net/hls/live/218877/v3plusinfo247hls/v3plusinfo247hls_1_3/Seg_051121_073604492_1584/segment_051121_073604492_1584573.ts
[stream]:2021/08/29 19:14:51 http.go:49: [INFO] now checking url http://v3plusinfo247hls-i.akamaihd.net/hls/live/218877-b/v3plusinfo247hls/v3plusinfo247hls_1_1/Seg_1056/segment_1056431.ts
[stream]:2021/08/29 19:14:51 http.go:49: [INFO] now checking url http://v3plusinfo247hls-i.akamaihd.net/hls/live/218877/v3plusinfo247hls/v3plusinfo247hls_1_6/Seg_051121_073604492_1584/segment_051121_073604492_1584573.ts
[stream]:2021/08/29 19:14:51 http.go:49: [INFO] now checking url http://v3plusinfo247hls-i.akamaihd.net/hls/live/218877/v3plusinfo247hls/v3plusinfo247hls_1_4/Seg_051121_073604492_1584/segment_051121_073604492_1584573.ts
[stream]:2021/08/29 19:14:53 http.go:49: [INFO] now checking url http://v3plusinfo247hls-i.akamaihd.net/hls/live/218877-b/v3plusinfo247hls/v3plusinfo247hls_1_6/Seg_1056/segment_1056431.ts
[stream]:2021/08/29 19:14:53 http.go:49: [INFO] now checking url http://v3plusinfo247hls-i.akamaihd.net/hls/live/218877-b/v3plusinfo247hls/v3plusinfo247hls_1_4/Seg_1056/segment_1056431.ts
[stream]:2021/08/29 19:14:53 http.go:49: [INFO] now checking url http://v3plusinfo247hls-i.akamaihd.net/hls/live/218877-b/v3plusinfo247hls/v3plusinfo247hls_1_2/Seg_1056/segment_1056431.ts
[stream]:2021/08/29 19:14:53 http.go:49: [INFO] now checking url http://v3plusinfo247hls-i.akamaihd.net/hls/live/218877-b/v3plusinfo247hls/v3plusinfo247hls_1_3/Seg_1056/segment_1056431.ts
[stream]:2021/08/29 19:14:53 http.go:49: [INFO] now checking url http://v3plusinfo247hls-i.akamaihd.net/hls/live/218877-b/v3plusinfo247hls/v3plusinfo247hls_1_5/Seg_1056/segment_1056431.ts
[stream]:2021/08/29 19:14:57 http.go:49: [INFO] now checking url http://v3plusinfo247hls-i.akamaihd.net/hls/live/218877/v3plusinfo247hls/v3plusinfo247hls_1_1/Seg_051121_073604492_1584/segment_051121_073604492_1584574.ts
[stream]:2021/08/29 19:14:58 http.go:49: [INFO] now checking url http://v3plusinfo247hls-i.akamaihd.net/hls/live/218877/v3plusinfo247hls/v3plusinfo247hls_1_5/Seg_051121_073604492_1584/segment_051121_073604492_1584574.ts
[stream]:2021/08/29 19:14:58 http.go:49: [INFO] now checking url http://v3plusinfo247hls-i.akamaihd.net/hls/live/218877/v3plusinfo247hls/v3plusinfo247hls_1_2/Seg_051121_073604492_1584/segment_051121_073604492_1584574.ts
[stream]:2021/08/29 19:14:58 http.go:49: [INFO] now checking url http://v3plusinfo247hls-i.akamaihd.net/hls/live/218877/v3plusinfo247hls/v3plusinfo247hls_1_3/Seg_051121_073604492_1584/segment_051121_073604492_1584574.ts
[stream]:2021/08/29 19:14:58 http.go:49: [INFO] now checking url http://v3plusinfo247hls-i.akamaihd.net/hls/live/218877/v3plusinfo247hls/v3plusinfo247hls_1_6/Seg_051121_073604492_1584/segment_051121_073604492_1584574.ts
[stream]:2021/08/29 19:14:58 http.go:49: [INFO] now checking url http://v3plusinfo247hls-i.akamaihd.net/hls/live/218877/v3plusinfo247hls/v3plusinfo247hls_1_4/Seg_051121_073604492_1584/segment_051121_073604492_1584574.ts
[stream]:2021/08/29 19:15:01 http.go:49: [INFO] now checking url http://v3plusinfo247hls-i.akamaihd.net/hls/live/218877-b/v3plusinfo247hls/v3plusinfo247hls_1_1/Seg_1056/segment_1056432.ts
[stream]:2021/08/29 19:15:03 http.go:49: [INFO] now checking url http://v3plusinfo247hls-i.akamaihd.net/hls/live/218877-b/v3plusinfo247hls/v3plusinfo247hls_1_4/Seg_1056/segment_1056432.ts
[stream]:2021/08/29 19:15:03 http.go:49: [INFO] now checking url http://v3plusinfo247hls-i.akamaihd.net/hls/live/218877-b/v3plusinfo247hls/v3plusinfo247hls_1_6/Seg_1056/segment_1056432.ts
[stream]:2021/08/29 19:15:03 http.go:49: [INFO] now checking url http://v3plusinfo247hls-i.akamaihd.net/hls/live/218877-b/v3plusinfo247hls/v3plusinfo247hls_1_3/Seg_1056/segment_1056432.ts
[stream]:2021/08/29 19:15:03 http.go:49: [INFO] now checking url http://v3plusinfo247hls-i.akamaihd.net/hls/live/218877-b/v3plusinfo247hls/v3plusinfo247hls_1_2/Seg_1056/segment_1056432.ts
[stream]:2021/08/29 19:15:04 http.go:49: [INFO] now checking url http://v3plusinfo247hls-i.akamaihd.net/hls/live/218877-b/v3plusinfo247hls/v3plusinfo247hls_1_5/Seg_1056/segment_1056432.ts
[stream]:2021/08/29 19:15:04 http.go:49: [INFO] now checking url http://v3plusinfo247hls-i.akamaihd.net/hls/live/218877/v3plusinfo247hls/v3plusinfo247hls_1_1/Seg_051121_073604492_1584/segment_051121_073604492_1584575.ts
[stream]:2021/08/29 19:15:04 http.go:49: [INFO] now checking url http://v3plusinfo247hls-i.akamaihd.net/hls/live/218877/v3plusinfo247hls/v3plusinfo247hls_1_5/Seg_051121_073604492_1584/segment_051121_073604492_1584575.ts
[stream]:2021/08/29 19:15:04 http.go:49: [INFO] now checking url http://v3plusinfo247hls-i.akamaihd.net/hls/live/218877/v3plusinfo247hls/v3plusinfo247hls_1_2/Seg_051121_073604492_1584/segment_051121_073604492_1584575.ts
[stream]:2021/08/29 19:15:05 http.go:49: [INFO] now checking url http://v3plusinfo247hls-i.akamaihd.net/hls/live/218877/v3plusinfo247hls/v3plusinfo247hls_1_3/Seg_051121_073604492_1584/segment_051121_073604492_1584575.ts
[stream]:2021/08/29 19:15:06 http.go:49: [INFO] now checking url http://v3plusinfo247hls-i.akamaihd.net/hls/live/218877/v3plusinfo247hls/v3plusinfo247hls_1_6/Seg_051121_073604492_1584/segment_051121_073604492_1584575.ts
[stream]:2021/08/29 19:15:06 http.go:49: [INFO] now checking url http://v3plusinfo247hls-i.akamaihd.net/hls/live/218877/v3plusinfo247hls/v3plusinfo247hls_1_4/Seg_051121_073604492_1584/segment_051121_073604492_1584575.ts
[stream]:2021/08/29 19:15:11 http.go:49: [INFO] now checking url http://v3plusinfo247hls-i.akamaihd.net/hls/live/218877/v3plusinfo247hls/v3plusinfo247hls_1_1/Seg_051121_073604492_1584/segment_051121_073604492_1584576.ts
[stream]:2021/08/29 19:15:11 http.go:49: [INFO] now checking url http://v3plusinfo247hls-i.akamaihd.net/hls/live/218877/v3plusinfo247hls/v3plusinfo247hls_1_5/Seg_051121_073604492_1584/segment_051121_073604492_1584576.ts
[stream]:2021/08/29 19:15:11 http.go:49: [INFO] now checking url http://v3plusinfo247hls-i.akamaihd.net/hls/live/218877-b/v3plusinfo247hls/v3plusinfo247hls_1_1/Seg_1056/segment_1056433.ts
[stream]:2021/08/29 19:15:11 http.go:49: [INFO] now checking url http://v3plusinfo247hls-i.akamaihd.net/hls/live/218877/v3plusinfo247hls/v3plusinfo247hls_1_2/Seg_051121_073604492_1584/segment_051121_073604492_1584576.ts
[stream]:2021/08/29 19:15:12 http.go:49: [INFO] now checking url http://v3plusinfo247hls-i.akamaihd.net/hls/live/218877/v3plusinfo247hls/v3plusinfo247hls_1_6/Seg_051121_073604492_1584/segment_051121_073604492_1584576.ts
[stream]:2021/08/29 19:15:13 http.go:49: [INFO] now checking url http://v3plusinfo247hls-i.akamaihd.net/hls/live/218877/v3plusinfo247hls/v3plusinfo247hls_1_3/Seg_051121_073604492_1584/segment_051121_073604492_1584576.ts
[stream]:2021/08/29 19:15:13 http.go:49: [INFO] now checking url http://v3plusinfo247hls-i.akamaihd.net/hls/live/218877-b/v3plusinfo247hls/v3plusinfo247hls_1_4/Seg_1056/segment_1056433.ts
[stream]:2021/08/29 19:15:13 http.go:49: [INFO] now checking url http://v3plusinfo247hls-i.akamaihd.net/hls/live/218877-b/v3plusinfo247hls/v3plusinfo247hls_1_3/Seg_1056/segment_1056433.ts
[stream]:2021/08/29 19:15:13 http.go:49: [INFO] now checking url http://v3plusinfo247hls-i.akamaihd.net/hls/live/218877-b/v3plusinfo247hls/v3plusinfo247hls_1_6/Seg_1056/segment_1056433.ts
[stream]:2021/08/29 19:15:13 http.go:49: [INFO] now checking url http://v3plusinfo247hls-i.akamaihd.net/hls/live/218877-b/v3plusinfo247hls/v3plusinfo247hls_1_2/Seg_1056/segment_1056433.ts
[stream]:2021/08/29 19:15:13 http.go:49: [INFO] now checking url http://v3plusinfo247hls-i.akamaihd.net/hls/live/218877/v3plusinfo247hls/v3plusinfo247hls_1_4/Seg_051121_073604492_1584/segment_051121_073604492_1584576.ts
[stream]:2021/08/29 19:15:14 http.go:49: [INFO] now checking url http://v3plusinfo247hls-i.akamaihd.net/hls/live/218877-b/v3plusinfo247hls/v3plusinfo247hls_1_5/Seg_1056/segment_1056433.ts
[stream]:2021/08/29 19:15:18 http.go:49: [INFO] now checking url http://v3plusinfo247hls-i.akamaihd.net/hls/live/218877/v3plusinfo247hls/v3plusinfo247hls_1_1/Seg_051121_073604492_1584/segment_051121_073604492_1584577.ts
[stream]:2021/08/29 19:15:18 http.go:49: [INFO] now checking url http://v3plusinfo247hls-i.akamaihd.net/hls/live/218877/v3plusinfo247hls/v3plusinfo247hls_1_5/Seg_051121_073604492_1584/segment_051121_073604492_1584577.ts
[stream]:2021/08/29 19:15:19 http.go:49: [INFO] now checking url http://v3plusinfo247hls-i.akamaihd.net/hls/live/218877/v3plusinfo247hls/v3plusinfo247hls_1_2/Seg_051121_073604492_1584/segment_051121_073604492_1584577.ts
[stream]:2021/08/29 19:15:20 http.go:49: [INFO] now checking url http://v3plusinfo247hls-i.akamaihd.net/hls/live/218877/v3plusinfo247hls/v3plusinfo247hls_1_6/Seg_051121_073604492_1584/segment_051121_073604492_1584577.ts
[stream]:2021/08/29 19:15:20 http.go:49: [INFO] now checking url http://v3plusinfo247hls-i.akamaihd.net/hls/live/218877/v3plusinfo247hls/v3plusinfo247hls_1_3/Seg_051121_073604492_1584/segment_051121_073604492_1584577.ts
[stream]:2021/08/29 19:15:20 http.go:49: [INFO] now checking url http://v3plusinfo247hls-i.akamaihd.net/hls/live/218877/v3plusinfo247hls/v3plusinfo247hls_1_4/Seg_051121_073604492_1584/segment_051121_073604492_1584577.ts
[stream]:2021/08/29 19:15:21 http.go:49: [INFO] now checking url http://v3plusinfo247hls-i.akamaihd.net/hls/live/218877-b/v3plusinfo247hls/v3plusinfo247hls_1_1/Seg_1056/segment_1056434.ts
[stream]:2021/08/29 19:15:23 http.go:49: [INFO] now checking url http://v3plusinfo247hls-i.akamaihd.net/hls/live/218877-b/v3plusinfo247hls/v3plusinfo247hls_1_4/Seg_1056/segment_1056434.ts
[stream]:2021/08/29 19:15:23 http.go:49: [INFO] now checking url http://v3plusinfo247hls-i.akamaihd.net/hls/live/218877-b/v3plusinfo247hls/v3plusinfo247hls_1_6/Seg_1056/segment_1056434.ts
[stream]:2021/08/29 19:15:23 http.go:49: [INFO] now checking url http://v3plusinfo247hls-i.akamaihd.net/hls/live/218877-b/v3plusinfo247hls/v3plusinfo247hls_1_3/Seg_1056/segment_1056434.ts
[stream]:2021/08/29 19:15:23 http.go:49: [INFO] now checking url http://v3plusinfo247hls-i.akamaihd.net/hls/live/218877-b/v3plusinfo247hls/v3plusinfo247hls_1_2/Seg_1056/segment_1056434.ts
[stream]:2021/08/29 19:15:24 http.go:49: [INFO] now checking url http://v3plusinfo247hls-i.akamaihd.net/hls/live/218877-b/v3plusinfo247hls/v3plusinfo247hls_1_5/Seg_1056/segment_1056434.ts
[stream]:2021/08/29 19:15:24 http.go:49: [INFO] now checking url http://v3plusinfo247hls-i.akamaihd.net/hls/live/218877/v3plusinfo247hls/v3plusinfo247hls_1_1/Seg_051121_073604492_1584/segment_051121_073604492_1584578.ts
[stream]:2021/08/29 19:15:25 http.go:49: [INFO] now checking url http://v3plusinfo247hls-i.akamaihd.net/hls/live/218877/v3plusinfo247hls/v3plusinfo247hls_1_5/Seg_051121_073604492_1584/segment_051121_073604492_1584578.ts
[stream]:2021/08/29 19:15:26 http.go:49: [INFO] now checking url http://v3plusinfo247hls-i.akamaihd.net/hls/live/218877/v3plusinfo247hls/v3plusinfo247hls_1_2/Seg_051121_073604492_1584/segment_051121_073604492_1584578.ts
[stream]:2021/08/29 19:15:26 http.go:49: [INFO] now checking url http://v3plusinfo247hls-i.akamaihd.net/hls/live/218877/v3plusinfo247hls/v3plusinfo247hls_1_3/Seg_051121_073604492_1584/segment_051121_073604492_1584578.ts
[stream]:2021/08/29 19:15:27 http.go:49: [INFO] now checking url http://v3plusinfo247hls-i.akamaihd.net/hls/live/218877/v3plusinfo247hls/v3plusinfo247hls_1_6/Seg_051121_073604492_1584/segment_051121_073604492_1584578.ts
[stream]:2021/08/29 19:15:27 http.go:49: [INFO] now checking url http://v3plusinfo247hls-i.akamaihd.net/hls/live/218877/v3plusinfo247hls/v3plusinfo247hls_1_4/Seg_051121_073604492_1584/segment_051121_073604492_1584578.ts
[stream]:2021/08/29 19:15:31 http.go:49: [INFO] now checking url http://v3plusinfo247hls-i.akamaihd.net/hls/live/218877-b/v3plusinfo247hls/v3plusinfo247hls_1_1/Seg_1056/segment_1056435.ts
[stream]:2021/08/29 19:15:33 http.go:49: [INFO] now checking url http://v3plusinfo247hls-i.akamaihd.net/hls/live/218877-b/v3plusinfo247hls/v3plusinfo247hls_1_4/Seg_1056/segment_1056435.ts
[stream]:2021/08/29 19:15:33 http.go:49: [INFO] now checking url http://v3plusinfo247hls-i.akamaihd.net/hls/live/218877-b/v3plusinfo247hls/v3plusinfo247hls_1_6/Seg_1056/segment_1056435.ts
[stream]:2021/08/29 19:15:33 http.go:49: [INFO] now checking url http://v3plusinfo247hls-i.akamaihd.net/hls/live/218877-b/v3plusinfo247hls/v3plusinfo247hls_1_3/Seg_1056/segment_1056435.ts
[stream]:2021/08/29 19:15:33 http.go:49: [INFO] now checking url http://v3plusinfo247hls-i.akamaihd.net/hls/live/218877-b/v3plusinfo247hls/v3plusinfo247hls_1_2/Seg_1056/segment_1056435.ts
[stream]:2021/08/29 19:15:34 http.go:49: [INFO] now checking url http://v3plusinfo247hls-i.akamaihd.net/hls/live/218877-b/v3plusinfo247hls/v3plusinfo247hls_1_5/Seg_1056/segment_1056435.ts
[stream]:2021/08/29 19:15:41 http.go:49: [INFO] now checking url http://v3plusinfo247hls-i.akamaihd.net/hls/live/218877-b/v3plusinfo247hls/v3plusinfo247hls_1_1/Seg_1056/segment_1056436.ts
[stream]:2021/08/29 19:15:43 http.go:49: [INFO] now checking url http://v3plusinfo247hls-i.akamaihd.net/hls/live/218877-b/v3plusinfo247hls/v3plusinfo247hls_1_2/Seg_1056/segment_1056436.ts
[stream]:2021/08/29 19:15:43 http.go:49: [INFO] now checking url http://v3plusinfo247hls-i.akamaihd.net/hls/live/218877-b/v3plusinfo247hls/v3plusinfo247hls_1_4/Seg_1056/segment_1056436.ts
[stream]:2021/08/29 19:15:43 http.go:49: [INFO] now checking url http://v3plusinfo247hls-i.akamaihd.net/hls/live/218877-b/v3plusinfo247hls/v3plusinfo247hls_1_3/Seg_1056/segment_1056436.ts
[stream]:2021/08/29 19:15:44 http.go:49: [INFO] now checking url http://v3plusinfo247hls-i.akamaihd.net/hls/live/218877-b/v3plusinfo247hls/v3plusinfo247hls_1_6/Seg_1056/segment_1056436.ts
[stream]:2021/08/29 19:15:44 http.go:49: [INFO] now checking url http://v3plusinfo247hls-i.akamaihd.net/hls/live/218877-b/v3plusinfo247hls/v3plusinfo247hls_1_5/Seg_1056/segment_1056436.ts
[stream]:2021/08/29 19:15:50 http.go:49: [INFO] now checking url http://v3plusinfo247hls-i.akamaihd.net/hls/live/218877-b/v3plusinfo247hls/v3plusinfo247hls_1_1/Seg_1056/segment_1056437.ts
[stream]:2021/08/29 19:15:53 http.go:49: [INFO] now checking url http://v3plusinfo247hls-i.akamaihd.net/hls/live/218877-b/v3plusinfo247hls/v3plusinfo247hls_1_3/Seg_1056/segment_1056437.ts
[stream]:2021/08/29 19:15:53 http.go:49: [INFO] now checking url http://v3plusinfo247hls-i.akamaihd.net/hls/live/218877-b/v3plusinfo247hls/v3plusinfo247hls_1_4/Seg_1056/segment_1056437.ts
[stream]:2021/08/29 19:15:53 http.go:49: [INFO] now checking url http://v3plusinfo247hls-i.akamaihd.net/hls/live/218877-b/v3plusinfo247hls/v3plusinfo247hls_1_2/Seg_1056/segment_1056437.ts
[stream]:2021/08/29 19:15:54 http.go:49: [INFO] now checking url http://v3plusinfo247hls-i.akamaihd.net/hls/live/218877-b/v3plusinfo247hls/v3plusinfo247hls_1_6/Seg_1056/segment_1056437.ts
[stream]:2021/08/29 19:15:54 http.go:49: [INFO] now checking url http://v3plusinfo247hls-i.akamaihd.net/hls/live/218877-b/v3plusinfo247hls/v3plusinfo247hls_1_5/Seg_1056/segment_1056437.ts
[stream]:2021/08/29 19:20:13 core.go:72: [INFO] http://v3plusinfo247hls-i.akamaihd.net/hls/live/218877/v3plusinfo247hls/index.m3u8 server is ok
[stream]:2021/08/29 19:20:13 core.go:87: [INFO] fail close file success
[stream]:2021/08/29 19:20:13 core.go:87: [INFO] succ close file success
[stream]:2021/08/29 19:20:13 hstream.go:81: [INFO] thank you for Buddha bless
